2022-12-07 16:38:49,927:INFO:PyCaret Supervised Module
2022-12-07 16:38:49,927:INFO:ML Usecase: classification
2022-12-07 16:38:49,927:INFO:version 2.2.3
2022-12-07 16:38:49,927:INFO:Initializing setup()
2022-12-07 16:38:49,927:INFO:setup(target=Dataset, ml_usecase=classification, available_plots={'parameter': 'Hyperparameters', 'auc': 'AUC', 'confusion_matrix': 'Confusion Matrix', 'threshold': 'Threshold', 'pr': 'Precision Recall', 'error': 'Prediction Error', 'class_report': 'Class Report', 'rfe': 'Feature Selection', 'learning': 'Learning Curve', 'manifold': 'Manifold Learning', 'calibration': 'Calibration Curve', 'vc': 'Validation Curve', 'dimension': 'Dimensions', 'feature': 'Feature Importance', 'feature_all': 'Feature Importance (All)', 'boundary': 'Decision Boundary', 'lift': 'Lift Chart', 'gain': 'Gain Chart', 'tree': 'Decision Tree'}, train_size=0.7, test_data=None, preprocess=True, imputation_type=simple, iterative_imputation_iters=5, categorical_features=None, categorical_imputation=constant, categorical_iterative_imputer=lightgbm, ordinal_features=None, high_cardinality_features=None, high_cardinality_method=frequency, numeric_features=None, numeric_imputation=mean, numeric_iterative_imputer=lightgbm, date_features=None, ignore_features=None, normalize=False, normalize_method=zscore, transformation=False, transformation_method=yeo-johnson, handle_unknown_categorical=True, unknown_categorical_method=least_frequent, pca=False, pca_method=linear, pca_components=None, ignore_low_variance=False, combine_rare_levels=False, rare_level_threshold=0.1, bin_numeric_features=None, remove_outliers=False, outliers_threshold=0.05, remove_multicollinearity=False, multicollinearity_threshold=0.9, remove_perfect_collinearity=True, create_clusters=False, cluster_iter=20, polynomial_features=False, polynomial_degree=2, trigonometry_features=False, polynomial_threshold=0.1, group_features=None, group_names=None, feature_selection=False, feature_selection_threshold=0.8, feature_selection_method=classic, feature_interaction=False, feature_ratio=False, interaction_threshold=0.01, fix_imbalance=False, fix_imbalance_method=None, transform_target=False, transform_target_method=box-cox, data_split_shuffle=True, data_split_stratify=False, fold_strategy=stratifiedkfold, fold=10, fold_shuffle=False, fold_groups=None, n_jobs=-1, use_gpu=False, custom_pipeline=None, html=True, session_id=123, log_experiment=False, experiment_name=None, log_plots=False, log_profile=False, log_data=False, silent=False, verbose=True, profile=False, profile_kwargs=None, display=None)
2022-12-07 16:38:49,928:INFO:Checking environment
2022-12-07 16:38:49,928:INFO:python_version: 3.9.12
2022-12-07 16:38:49,928:INFO:python_build: ('main', 'Apr  4 2022 05:22:27')
2022-12-07 16:38:49,928:INFO:machine: AMD64
2022-12-07 16:38:49,928:INFO:platform: Windows-10-10.0.22621-SP0
2022-12-07 16:38:49,928:INFO:Memory: svmem(total=7884312576, available=1844809728, percent=76.6, used=6039502848, free=1844809728)
2022-12-07 16:38:49,929:INFO:Physical Core: 6
2022-12-07 16:38:49,929:INFO:Logical Core: 12
2022-12-07 16:38:49,929:INFO:Checking libraries
2022-12-07 16:38:49,929:INFO:pd==1.4.2
2022-12-07 16:38:49,929:INFO:numpy==1.21.5
2022-12-07 16:38:49,929:INFO:sklearn==1.0.2
2022-12-07 16:38:49,966:INFO:xgboost==1.5.0
2022-12-07 16:38:49,967:INFO:lightgbm==3.3.2
2022-12-07 16:38:50,101:INFO:catboost==1.0.4
2022-12-07 16:38:51,821:INFO:mlflow==1.30.0
2022-12-07 16:38:51,821:INFO:Checking Exceptions
2022-12-07 16:38:51,823:INFO:Declaring global variables
2022-12-07 16:38:51,823:INFO:USI: d1fa
2022-12-07 16:38:51,823:INFO:pycaret_globals: {'X', 'imputation_regressor', 'stratify_param', 'master_model_container', 'y_train', 'gpu_param', 'pycaret_globals', 'display_container', '_internal_pipeline', 'n_jobs_param', 'USI', '_ml_usecase', 'transform_target_param', 'logging_param', '_all_models_internal', '_all_metrics', 'seed', 'imputation_classifier', 'y_test', 'y', '_available_plots', 'iterative_imputation_iters_param', '_gpu_n_jobs_param', 'create_model_container', 'log_plots_param', 'prep_pipe', 'X_test', 'X_train', 'fix_imbalance_param', 'fold_groups_param', 'html_param', 'fold_generator', 'fix_imbalance_method_param', 'transform_target_method_param', 'data_before_preprocess', 'target_param', 'fold_param', 'exp_name_log', '_all_models', 'experiment__', 'fold_shuffle_param'}
2022-12-07 16:38:51,823:INFO:Preparing display monitor
2022-12-07 16:38:51,823:INFO:Preparing display monitor
2022-12-07 16:38:51,840:INFO:Importing libraries
2022-12-07 16:38:51,840:INFO:Copying data for preprocessing
2022-12-07 16:38:51,849:INFO:Declaring preprocessing parameters
2022-12-07 16:38:51,849:INFO:Creating preprocessing pipeline
2022-12-07 16:38:51,858:INFO:Preprocessing pipeline created successfully
2022-12-07 16:38:51,859:ERROR:(Process Exit): setup has been interupted with user command 'quit'. setup must rerun.
2022-12-07 16:38:51,859:INFO:Creating global containers
2022-12-07 16:40:19,675:INFO:PyCaret Supervised Module
2022-12-07 16:40:19,675:INFO:ML Usecase: classification
2022-12-07 16:40:19,675:INFO:version 2.2.3
2022-12-07 16:40:19,675:INFO:Initializing setup()
2022-12-07 16:40:19,676:INFO:setup(target=Dataset, ml_usecase=classification, available_plots={'parameter': 'Hyperparameters', 'auc': 'AUC', 'confusion_matrix': 'Confusion Matrix', 'threshold': 'Threshold', 'pr': 'Precision Recall', 'error': 'Prediction Error', 'class_report': 'Class Report', 'rfe': 'Feature Selection', 'learning': 'Learning Curve', 'manifold': 'Manifold Learning', 'calibration': 'Calibration Curve', 'vc': 'Validation Curve', 'dimension': 'Dimensions', 'feature': 'Feature Importance', 'feature_all': 'Feature Importance (All)', 'boundary': 'Decision Boundary', 'lift': 'Lift Chart', 'gain': 'Gain Chart', 'tree': 'Decision Tree'}, train_size=0.7, test_data=None, preprocess=True, imputation_type=simple, iterative_imputation_iters=5, categorical_features=None, categorical_imputation=constant, categorical_iterative_imputer=lightgbm, ordinal_features=None, high_cardinality_features=None, high_cardinality_method=frequency, numeric_features=None, numeric_imputation=mean, numeric_iterative_imputer=lightgbm, date_features=None, ignore_features=None, normalize=False, normalize_method=zscore, transformation=False, transformation_method=yeo-johnson, handle_unknown_categorical=True, unknown_categorical_method=least_frequent, pca=False, pca_method=linear, pca_components=None, ignore_low_variance=False, combine_rare_levels=False, rare_level_threshold=0.1, bin_numeric_features=None, remove_outliers=False, outliers_threshold=0.05, remove_multicollinearity=False, multicollinearity_threshold=0.9, remove_perfect_collinearity=True, create_clusters=False, cluster_iter=20, polynomial_features=False, polynomial_degree=2, trigonometry_features=False, polynomial_threshold=0.1, group_features=None, group_names=None, feature_selection=False, feature_selection_threshold=0.8, feature_selection_method=classic, feature_interaction=False, feature_ratio=False, interaction_threshold=0.01, fix_imbalance=False, fix_imbalance_method=None, transform_target=False, transform_target_method=box-cox, data_split_shuffle=True, data_split_stratify=False, fold_strategy=stratifiedkfold, fold=10, fold_shuffle=False, fold_groups=None, n_jobs=-1, use_gpu=False, custom_pipeline=None, html=True, session_id=123, log_experiment=False, experiment_name=None, log_plots=False, log_profile=False, log_data=False, silent=False, verbose=True, profile=False, profile_kwargs=None, display=None)
2022-12-07 16:40:19,676:INFO:Checking environment
2022-12-07 16:40:19,676:INFO:python_version: 3.9.12
2022-12-07 16:40:19,676:INFO:python_build: ('main', 'Apr  4 2022 05:22:27')
2022-12-07 16:40:19,676:INFO:machine: AMD64
2022-12-07 16:40:19,676:INFO:platform: Windows-10-10.0.22621-SP0
2022-12-07 16:40:19,676:INFO:Memory: svmem(total=7884312576, available=1713844224, percent=78.3, used=6170468352, free=1713844224)
2022-12-07 16:40:19,676:INFO:Physical Core: 6
2022-12-07 16:40:19,677:INFO:Logical Core: 12
2022-12-07 16:40:19,677:INFO:Checking libraries
2022-12-07 16:40:19,677:INFO:pd==1.4.2
2022-12-07 16:40:19,677:INFO:numpy==1.21.5
2022-12-07 16:40:19,677:INFO:sklearn==1.0.2
2022-12-07 16:40:19,677:INFO:xgboost==1.5.0
2022-12-07 16:40:19,677:INFO:lightgbm==3.3.2
2022-12-07 16:40:19,677:INFO:catboost==1.0.4
2022-12-07 16:40:19,677:INFO:mlflow==1.30.0
2022-12-07 16:40:19,677:INFO:Checking Exceptions
2022-12-07 16:40:19,677:INFO:Declaring global variables
2022-12-07 16:40:19,677:INFO:USI: 8721
2022-12-07 16:40:19,677:INFO:pycaret_globals: {'X', 'imputation_regressor', 'stratify_param', 'master_model_container', 'y_train', 'gpu_param', 'pycaret_globals', 'display_container', '_internal_pipeline', 'n_jobs_param', 'USI', '_ml_usecase', 'transform_target_param', 'logging_param', '_all_models_internal', '_all_metrics', 'seed', 'imputation_classifier', 'y_test', 'y', '_available_plots', 'iterative_imputation_iters_param', '_gpu_n_jobs_param', 'create_model_container', 'log_plots_param', 'prep_pipe', 'X_test', 'X_train', 'fix_imbalance_param', 'fold_groups_param', 'html_param', 'fold_generator', 'fix_imbalance_method_param', 'transform_target_method_param', 'data_before_preprocess', 'target_param', 'fold_param', 'exp_name_log', '_all_models', 'experiment__', 'fold_shuffle_param'}
2022-12-07 16:40:19,677:INFO:Preparing display monitor
2022-12-07 16:40:19,677:INFO:Preparing display monitor
2022-12-07 16:40:19,691:INFO:Importing libraries
2022-12-07 16:40:19,691:INFO:Copying data for preprocessing
2022-12-07 16:40:19,699:INFO:Declaring preprocessing parameters
2022-12-07 16:40:19,699:INFO:Creating preprocessing pipeline
2022-12-07 16:40:19,705:INFO:Preprocessing pipeline created successfully
2022-12-07 16:40:19,705:ERROR:(Process Exit): setup has been interupted with user command 'quit'. setup must rerun.
2022-12-07 16:40:19,705:INFO:Creating global containers
2022-12-07 16:41:22,496:INFO:PyCaret Supervised Module
2022-12-07 16:41:22,498:INFO:ML Usecase: classification
2022-12-07 16:41:22,498:INFO:version 2.2.3
2022-12-07 16:41:22,498:INFO:Initializing setup()
2022-12-07 16:41:22,498:INFO:setup(target=Dataset, ml_usecase=classification, available_plots={'parameter': 'Hyperparameters', 'auc': 'AUC', 'confusion_matrix': 'Confusion Matrix', 'threshold': 'Threshold', 'pr': 'Precision Recall', 'error': 'Prediction Error', 'class_report': 'Class Report', 'rfe': 'Feature Selection', 'learning': 'Learning Curve', 'manifold': 'Manifold Learning', 'calibration': 'Calibration Curve', 'vc': 'Validation Curve', 'dimension': 'Dimensions', 'feature': 'Feature Importance', 'feature_all': 'Feature Importance (All)', 'boundary': 'Decision Boundary', 'lift': 'Lift Chart', 'gain': 'Gain Chart', 'tree': 'Decision Tree'}, train_size=0.7, test_data=None, preprocess=True, imputation_type=simple, iterative_imputation_iters=5, categorical_features=None, categorical_imputation=constant, categorical_iterative_imputer=lightgbm, ordinal_features=None, high_cardinality_features=None, high_cardinality_method=frequency, numeric_features=None, numeric_imputation=mean, numeric_iterative_imputer=lightgbm, date_features=None, ignore_features=None, normalize=False, normalize_method=zscore, transformation=False, transformation_method=yeo-johnson, handle_unknown_categorical=True, unknown_categorical_method=least_frequent, pca=False, pca_method=linear, pca_components=None, ignore_low_variance=False, combine_rare_levels=False, rare_level_threshold=0.1, bin_numeric_features=None, remove_outliers=False, outliers_threshold=0.05, remove_multicollinearity=False, multicollinearity_threshold=0.9, remove_perfect_collinearity=True, create_clusters=False, cluster_iter=20, polynomial_features=False, polynomial_degree=2, trigonometry_features=False, polynomial_threshold=0.1, group_features=None, group_names=None, feature_selection=False, feature_selection_threshold=0.8, feature_selection_method=classic, feature_interaction=False, feature_ratio=False, interaction_threshold=0.01, fix_imbalance=False, fix_imbalance_method=None, transform_target=False, transform_target_method=box-cox, data_split_shuffle=True, data_split_stratify=False, fold_strategy=stratifiedkfold, fold=10, fold_shuffle=False, fold_groups=None, n_jobs=-1, use_gpu=False, custom_pipeline=None, html=True, session_id=123, log_experiment=False, experiment_name=None, log_plots=False, log_profile=False, log_data=False, silent=False, verbose=True, profile=False, profile_kwargs=None, display=None)
2022-12-07 16:41:22,498:INFO:Checking environment
2022-12-07 16:41:22,498:INFO:python_version: 3.9.12
2022-12-07 16:41:22,498:INFO:python_build: ('main', 'Apr  4 2022 05:22:27')
2022-12-07 16:41:22,498:INFO:machine: AMD64
2022-12-07 16:41:22,498:INFO:platform: Windows-10-10.0.22621-SP0
2022-12-07 16:41:22,499:INFO:Memory: svmem(total=7884312576, available=1711976448, percent=78.3, used=6172336128, free=1711976448)
2022-12-07 16:41:22,499:INFO:Physical Core: 6
2022-12-07 16:41:22,499:INFO:Logical Core: 12
2022-12-07 16:41:22,499:INFO:Checking libraries
2022-12-07 16:41:22,499:INFO:pd==1.4.2
2022-12-07 16:41:22,499:INFO:numpy==1.21.5
2022-12-07 16:41:22,499:INFO:sklearn==1.0.2
2022-12-07 16:41:22,499:INFO:xgboost==1.5.0
2022-12-07 16:41:22,499:INFO:lightgbm==3.3.2
2022-12-07 16:41:22,499:INFO:catboost==1.0.4
2022-12-07 16:41:22,499:INFO:mlflow==1.30.0
2022-12-07 16:41:22,499:INFO:Checking Exceptions
2022-12-07 16:41:22,500:INFO:Declaring global variables
2022-12-07 16:41:22,500:INFO:USI: bd36
2022-12-07 16:41:22,500:INFO:pycaret_globals: {'X', 'imputation_regressor', 'stratify_param', 'master_model_container', 'y_train', 'gpu_param', 'pycaret_globals', 'display_container', '_internal_pipeline', 'n_jobs_param', 'USI', '_ml_usecase', 'transform_target_param', 'logging_param', '_all_models_internal', '_all_metrics', 'seed', 'imputation_classifier', 'y_test', 'y', '_available_plots', 'iterative_imputation_iters_param', '_gpu_n_jobs_param', 'create_model_container', 'log_plots_param', 'prep_pipe', 'X_test', 'X_train', 'fix_imbalance_param', 'fold_groups_param', 'html_param', 'fold_generator', 'fix_imbalance_method_param', 'transform_target_method_param', 'data_before_preprocess', 'target_param', 'fold_param', 'exp_name_log', '_all_models', 'experiment__', 'fold_shuffle_param'}
2022-12-07 16:41:22,500:INFO:Preparing display monitor
2022-12-07 16:41:22,500:INFO:Preparing display monitor
2022-12-07 16:41:22,513:INFO:Importing libraries
2022-12-07 16:41:22,514:INFO:Copying data for preprocessing
2022-12-07 16:41:22,522:INFO:Declaring preprocessing parameters
2022-12-07 16:41:22,523:INFO:Creating preprocessing pipeline
2022-12-07 16:41:22,528:INFO:Preprocessing pipeline created successfully
2022-12-07 16:41:22,529:ERROR:(Process Exit): setup has been interupted with user command 'quit'. setup must rerun.
2022-12-07 16:41:22,529:INFO:Creating global containers
